2024-04-03 22:44:27.660  INFO 481312 --- [restartedMain] core.App                                 : Starting App using Java 11.0.22 on lenovopc with PID 481312 (/home/jortiz/IT/code/javacode/github/java/demo-inclusion/backend/target/classes started by jortiz in /home/jortiz/IT/code/javacode/github/java/demo-inclusion/backend)
2024-04-03 22:44:27.663  INFO 481312 --- [restartedMain] core.App                                 : The following 1 profile is active: "dev"
2024-04-03 22:44:27.696  INFO 481312 --- [restartedMain] .e.DevToolsPropertyDefaultsPostProcessor : Devtools property defaults active! Set 'spring.devtools.add-properties' to 'false' to disable
2024-04-03 22:44:27.696  INFO 481312 --- [restartedMain] .e.DevToolsPropertyDefaultsPostProcessor : For additional web related logging consider setting the 'logging.level.web' property to 'DEBUG'
2024-04-03 22:44:28.643  INFO 481312 --- [restartedMain] o.s.b.w.embedded.tomcat.TomcatWebServer  : Tomcat initialized with port(s): 8081 (http)
2024-04-03 22:44:28.649  INFO 481312 --- [restartedMain] o.apache.catalina.core.StandardService   : Starting service [Tomcat]
2024-04-03 22:44:28.650  INFO 481312 --- [restartedMain] org.apache.catalina.core.StandardEngine  : Starting Servlet engine: [Apache Tomcat/9.0.65]
2024-04-03 22:44:28.684  INFO 481312 --- [restartedMain] o.a.c.c.C.[Tomcat].[localhost].[/]       : Initializing Spring embedded WebApplicationContext
2024-04-03 22:44:28.685  INFO 481312 --- [restartedMain] w.s.c.ServletWebServerApplicationContext : Root WebApplicationContext: initialization completed in 987 ms
2024-04-03 22:44:28.896  INFO 481312 --- [restartedMain] o.s.b.w.embedded.tomcat.TomcatWebServer  : Tomcat started on port(s): 8081 (http) with context path ''
2024-04-03 22:44:28.903  INFO 481312 --- [restartedMain] o.s.b.d.a.OptionalLiveReloadServer       : LiveReload server is running on port 35729
2024-04-03 22:44:28.935  INFO 481312 --- [restartedMain] core.App                                 : Started App in 1.5 seconds (JVM running for 1.86)
2024-04-03 22:44:31.030  INFO 481312 --- [RMI TCP Connection(1)-127.0.0.1] o.a.c.c.C.[Tomcat].[localhost].[/]       : Initializing Spring DispatcherServlet 'dispatcherServlet'
2024-04-03 22:44:31.030  INFO 481312 --- [RMI TCP Connection(1)-127.0.0.1] o.s.web.servlet.DispatcherServlet        : Initializing Servlet 'dispatcherServlet'
2024-04-03 22:44:31.111  INFO 481312 --- [RMI TCP Connection(1)-127.0.0.1] o.s.b.a.e.web.EndpointLinksResolver      : Exposing 14 endpoint(s) beneath base path '/actuator'
2024-04-03 22:44:31.164  INFO 481312 --- [RMI TCP Connection(1)-127.0.0.1] o.s.web.servlet.DispatcherServlet        : Completed initialization in 134 ms
2024-04-03 22:45:48.767  INFO 481312 --- [http-nio-8081-exec-2] core.controller.rest.MathController      : Arriving numbers...
2024-04-03 22:45:48.768  INFO 481312 --- [http-nio-8081-exec-2] core.service.MathServiceImp              : Validating numbers...
2024-04-03 22:45:48.768  INFO 481312 --- [http-nio-8081-exec-2] core.service.MathServiceImp              : Doing math...
2024-04-03 22:45:48.771  INFO 481312 --- [http-nio-8081-exec-2] core.service.MathServiceImp              : App Name: nullMaximum k = 5
2024-04-03 22:45:51.055  INFO 481312 --- [http-nio-8081-exec-3] core.controller.rest.MathController      : Arriving numbers...
2024-04-03 22:45:51.055  INFO 481312 --- [http-nio-8081-exec-3] core.service.MathServiceImp              : Validating numbers...
2024-04-03 22:45:51.055  INFO 481312 --- [http-nio-8081-exec-3] core.service.MathServiceImp              : Doing math...
2024-04-03 22:45:51.055  INFO 481312 --- [http-nio-8081-exec-3] core.service.MathServiceImp              : App Name: nullMaximum k = 53
2024-04-03 22:45:52.709  INFO 481312 --- [http-nio-8081-exec-4] core.controller.rest.MathController      : Arriving numbers...
2024-04-03 22:45:52.709  INFO 481312 --- [http-nio-8081-exec-4] core.service.MathServiceImp              : Validating numbers...
2024-04-03 22:45:52.709  INFO 481312 --- [http-nio-8081-exec-4] core.service.MathServiceImp              : Doing math...
2024-04-03 22:45:52.709  INFO 481312 --- [http-nio-8081-exec-4] core.service.MathServiceImp              : App Name: nullMaximum k = 55
2024-04-03 22:45:56.260  INFO 481312 --- [http-nio-8081-exec-5] core.controller.rest.MathController      : Arriving numbers...
2024-04-03 22:45:56.260  INFO 481312 --- [http-nio-8081-exec-5] core.service.MathServiceImp              : Validating numbers...
2024-04-03 22:45:56.260  INFO 481312 --- [http-nio-8081-exec-5] core.service.MathServiceImp              : Doing math...
2024-04-03 22:45:56.260  INFO 481312 --- [http-nio-8081-exec-5] core.service.MathServiceImp              : App Name: nullMaximum k = 56
2024-04-03 22:45:57.240  INFO 481312 --- [http-nio-8081-exec-6] core.controller.rest.MathController      : Arriving numbers...
2024-04-03 22:45:57.240  INFO 481312 --- [http-nio-8081-exec-6] core.service.MathServiceImp              : Validating numbers...
2024-04-03 22:45:57.240  INFO 481312 --- [http-nio-8081-exec-6] core.service.MathServiceImp              : Doing math...
2024-04-03 22:45:57.240  INFO 481312 --- [http-nio-8081-exec-6] core.service.MathServiceImp              : App Name: nullMaximum k = 56
