2023-04-13T11:16:08.433-04:00  INFO 9852 --- [restartedMain] com.jesusmoh.Application                 : Starting Application using Java 17.0.6 with PID 9852 (/home/jortiz/it/code/javacode/github/java/service-users/service-user/target/classes started by jortiz in /home/jortiz/it/code/javacode/github/java/service-users/service-user)
2023-04-13T11:16:08.433-04:00  INFO 9852 --- [restartedMain] com.jesusmoh.Application                 : No active profile set, falling back to 1 default profile: "default"
2023-04-13T11:16:08.525-04:00  INFO 9852 --- [restartedMain] .s.d.r.c.RepositoryConfigurationDelegate : Bootstrapping Spring Data JPA repositories in DEFAULT mode.
2023-04-13T11:16:08.529-04:00  INFO 9852 --- [restartedMain] .s.d.r.c.RepositoryConfigurationDelegate : Finished Spring Data repository scanning in 3 ms. Found 1 JPA repository interfaces.
2023-04-13T11:16:08.565-04:00  INFO 9852 --- [restartedMain] o.s.b.w.embedded.tomcat.TomcatWebServer  : Tomcat initialized with port(s): 8080 (http)
2023-04-13T11:16:08.565-04:00  INFO 9852 --- [restartedMain] o.apache.catalina.core.StandardService   : Starting service [Tomcat]
2023-04-13T11:16:08.565-04:00  INFO 9852 --- [restartedMain] o.apache.catalina.core.StandardEngine    : Starting Servlet engine: [Apache Tomcat/10.1.7]
2023-04-13T11:16:08.571-04:00  INFO 9852 --- [restartedMain] o.a.c.c.C.[Tomcat-2].[localhost].[/]     : Initializing Spring embedded WebApplicationContext
2023-04-13T11:16:08.571-04:00  INFO 9852 --- [restartedMain] w.s.c.ServletWebServerApplicationContext : Root WebApplicationContext: initialization completed in 137 ms
2023-04-13T11:16:08.603-04:00  INFO 9852 --- [restartedMain] o.hibernate.jpa.internal.util.LogHelper  : HHH000204: Processing PersistenceUnitInfo [name: default]
2023-04-13T11:16:08.606-04:00  INFO 9852 --- [restartedMain] com.zaxxer.hikari.HikariDataSource       : HikariPool-10 - Starting...
2023-04-13T11:16:08.621-04:00  INFO 9852 --- [restartedMain] com.zaxxer.hikari.HikariDataSource       : HikariPool-10 - Start completed.
2023-04-13T11:16:08.633-04:00  INFO 9852 --- [restartedMain] SQL dialect                              : HHH000400: Using dialect: org.hibernate.dialect.MySQLDialect
2023-04-13T11:16:08.668-04:00  INFO 9852 --- [restartedMain] org.hibernate.orm.connections.access     : HHH10001501: Connection obtained from JdbcConnectionAccess [org.hibernate.engine.jdbc.env.internal.JdbcEnvironmentInitiator$ConnectionProviderJdbcConnectionAccess@141ff99d] for (non-JTA) DDL execution was not in auto-commit mode; the Connection 'local transaction' will be committed and the Connection will be set into auto-commit mode.
2023-04-13T11:16:08.710-04:00  INFO 9852 --- [restartedMain] o.h.e.t.j.p.i.JtaPlatformInitiator       : HHH000490: Using JtaPlatform implementation: [org.hibernate.engine.transaction.jta.platform.internal.NoJtaPlatform]
2023-04-13T11:16:08.710-04:00  INFO 9852 --- [restartedMain] j.LocalContainerEntityManagerFactoryBean : Initialized JPA EntityManagerFactory for persistence unit 'default'
2023-04-13T11:16:08.944-04:00  INFO 9852 --- [restartedMain] o.s.b.d.a.OptionalLiveReloadServer       : LiveReload server is running on port 35729
2023-04-13T11:16:08.946-04:00  INFO 9852 --- [restartedMain] o.s.b.a.e.web.EndpointLinksResolver      : Exposing 14 endpoint(s) beneath base path '/actuator'
2023-04-13T11:16:08.957-04:00  INFO 9852 --- [restartedMain] o.s.b.w.embedded.tomcat.TomcatWebServer  : Tomcat started on port(s): 8080 (http) with context path ''
2023-04-13T11:16:08.966-04:00  INFO 9852 --- [restartedMain] com.jesusmoh.Application                 : Started Application in 0.568 seconds (process running for 536.047)
2023-04-13T11:16:08.981-04:00  INFO 9852 --- [restartedMain] .ConditionEvaluationDeltaLoggingListener : Condition evaluation delta:


==========================
CONDITION EVALUATION DELTA
==========================


Positive matches:
-----------------

   LogFileWebEndpointAutoConfiguration#logFileWebEndpoint matched:
      - Log File found logging.file.path ./logfile (LogFileWebEndpointAutoConfiguration.LogFileCondition)
      - @ConditionalOnMissingBean (types: org.springframework.boot.actuate.logging.LogFileWebEndpoint; SearchStrategy: all) did not find any beans (OnBeanCondition)


Negative matches:
-----------------

    None


Exclusions:
-----------

    None


Unconditional classes:
----------------------

    None



2023-04-13T11:16:11.183-04:00  INFO 9852 --- [RMI TCP Connection(15)-127.0.0.1] inMXBeanRegistrar$SpringApplicationAdmin : Application shutdown requested.
2023-04-13T11:16:11.185-04:00  INFO 9852 --- [RMI TCP Connection(15)-127.0.0.1] o.apache.catalina.core.StandardService   : Stopping service [Tomcat]
2023-04-13T11:16:11.191-04:00  INFO 9852 --- [RMI TCP Connection(15)-127.0.0.1] j.LocalContainerEntityManagerFactoryBean : Closing JPA EntityManagerFactory for persistence unit 'default'
2023-04-13T11:16:11.191-04:00  INFO 9852 --- [RMI TCP Connection(15)-127.0.0.1] com.zaxxer.hikari.HikariDataSource       : HikariPool-10 - Shutdown initiated...
2023-04-13T11:16:11.195-04:00  INFO 9852 --- [RMI TCP Connection(15)-127.0.0.1] com.zaxxer.hikari.HikariDataSource       : HikariPool-10 - Shutdown completed.
2023-04-13T11:16:12.219-04:00  INFO 13321 --- [restartedMain] com.jesusmoh.Application                 : Starting Application using Java 17.0.6 with PID 13321 (/home/jortiz/it/code/javacode/github/java/service-users/service-user/target/classes started by jortiz in /home/jortiz/it/code/javacode/github/java/service-users/service-user)
2023-04-13T11:16:12.230-04:00  INFO 13321 --- [restartedMain] com.jesusmoh.Application                 : No active profile set, falling back to 1 default profile: "default"
2023-04-13T11:16:12.262-04:00  INFO 13321 --- [restartedMain] .e.DevToolsPropertyDefaultsPostProcessor : Devtools property defaults active! Set 'spring.devtools.add-properties' to 'false' to disable
2023-04-13T11:16:12.262-04:00  INFO 13321 --- [restartedMain] .e.DevToolsPropertyDefaultsPostProcessor : For additional web related logging consider setting the 'logging.level.web' property to 'DEBUG'
2023-04-13T11:16:12.747-04:00  INFO 13321 --- [restartedMain] .s.d.r.c.RepositoryConfigurationDelegate : Bootstrapping Spring Data JPA repositories in DEFAULT mode.
2023-04-13T11:16:12.786-04:00  INFO 13321 --- [restartedMain] .s.d.r.c.RepositoryConfigurationDelegate : Finished Spring Data repository scanning in 34 ms. Found 1 JPA repository interfaces.
2023-04-13T11:16:13.080-04:00  INFO 13321 --- [restartedMain] o.s.b.w.embedded.tomcat.TomcatWebServer  : Tomcat initialized with port(s): 8080 (http)
2023-04-13T11:16:13.085-04:00  INFO 13321 --- [restartedMain] o.apache.catalina.core.StandardService   : Starting service [Tomcat]
2023-04-13T11:16:13.085-04:00  INFO 13321 --- [restartedMain] o.apache.catalina.core.StandardEngine    : Starting Servlet engine: [Apache Tomcat/10.1.7]
2023-04-13T11:16:13.113-04:00  INFO 13321 --- [restartedMain] o.a.c.c.C.[Tomcat].[localhost].[/]       : Initializing Spring embedded WebApplicationContext
2023-04-13T11:16:13.113-04:00  INFO 13321 --- [restartedMain] w.s.c.ServletWebServerApplicationContext : Root WebApplicationContext: initialization completed in 851 ms
2023-04-13T11:16:13.227-04:00  INFO 13321 --- [restartedMain] o.hibernate.jpa.internal.util.LogHelper  : HHH000204: Processing PersistenceUnitInfo [name: default]
2023-04-13T11:16:13.249-04:00  INFO 13321 --- [restartedMain] org.hibernate.Version                    : HHH000412: Hibernate ORM core version 6.1.7.Final
2023-04-13T11:16:13.363-04:00  INFO 13321 --- [restartedMain] com.zaxxer.hikari.HikariDataSource       : HikariPool-1 - Starting...
2023-04-13T11:16:13.536-04:00  INFO 13321 --- [restartedMain] com.zaxxer.hikari.HikariDataSource       : HikariPool-1 - Start completed.
2023-04-13T11:16:13.585-04:00  INFO 13321 --- [restartedMain] SQL dialect                              : HHH000400: Using dialect: org.hibernate.dialect.MySQLDialect
2023-04-13T11:16:14.089-04:00  INFO 13321 --- [restartedMain] org.hibernate.orm.connections.access     : HHH10001501: Connection obtained from JdbcConnectionAccess [org.hibernate.engine.jdbc.env.internal.JdbcEnvironmentInitiator$ConnectionProviderJdbcConnectionAccess@6ef2c936] for (non-JTA) DDL execution was not in auto-commit mode; the Connection 'local transaction' will be committed and the Connection will be set into auto-commit mode.
2023-04-13T11:16:14.165-04:00  INFO 13321 --- [restartedMain] o.h.e.t.j.p.i.JtaPlatformInitiator       : HHH000490: Using JtaPlatform implementation: [org.hibernate.engine.transaction.jta.platform.internal.NoJtaPlatform]
2023-04-13T11:16:14.170-04:00  INFO 13321 --- [restartedMain] j.LocalContainerEntityManagerFactoryBean : Initialized JPA EntityManagerFactory for persistence unit 'default'
2023-04-13T11:16:14.925-04:00  INFO 13321 --- [restartedMain] o.s.b.d.a.OptionalLiveReloadServer       : LiveReload server is running on port 35729
2023-04-13T11:16:14.928-04:00  INFO 13321 --- [restartedMain] o.s.b.a.e.web.EndpointLinksResolver      : Exposing 14 endpoint(s) beneath base path '/actuator'
2023-04-13T11:16:14.971-04:00  INFO 13321 --- [restartedMain] o.s.b.w.embedded.tomcat.TomcatWebServer  : Tomcat started on port(s): 8080 (http) with context path ''
2023-04-13T11:16:14.980-04:00  INFO 13321 --- [restartedMain] com.jesusmoh.Application                 : Started Application in 2.95 seconds (process running for 3.278)
2023-04-13T11:16:16.199-04:00  INFO 13321 --- [RMI TCP Connection(3)-127.0.0.1] o.a.c.c.C.[Tomcat].[localhost].[/]       : Initializing Spring DispatcherServlet 'dispatcherServlet'
2023-04-13T11:16:16.200-04:00  INFO 13321 --- [RMI TCP Connection(3)-127.0.0.1] o.s.web.servlet.DispatcherServlet        : Initializing Servlet 'dispatcherServlet'
2023-04-13T11:16:16.201-04:00  INFO 13321 --- [RMI TCP Connection(3)-127.0.0.1] o.s.web.servlet.DispatcherServlet        : Completed initialization in 1 ms
2023-04-13T11:17:03.429-04:00  INFO 13321 --- [File Watcher] rtingClassPathChangeChangedEventListener : Restarting due to 1 class path change (0 additions, 0 deletions, 1 modification)
2023-04-13T11:17:03.437-04:00  INFO 13321 --- [Thread-5] o.apache.catalina.core.StandardService   : Stopping service [Tomcat]
2023-04-13T11:17:03.438-04:00  INFO 13321 --- [Thread-5] o.a.c.c.C.[Tomcat].[localhost].[/]       : Destroying Spring FrameworkServlet 'dispatcherServlet'
2023-04-13T11:17:03.447-04:00  INFO 13321 --- [Thread-5] j.LocalContainerEntityManagerFactoryBean : Closing JPA EntityManagerFactory for persistence unit 'default'
2023-04-13T11:17:03.450-04:00  INFO 13321 --- [Thread-5] com.zaxxer.hikari.HikariDataSource       : HikariPool-1 - Shutdown initiated...
2023-04-13T11:17:03.453-04:00  INFO 13321 --- [Thread-5] com.zaxxer.hikari.HikariDataSource       : HikariPool-1 - Shutdown completed.
2023-04-13T11:17:03.510-04:00  INFO 13321 --- [restartedMain] com.jesusmoh.Application                 : Starting Application using Java 17.0.6 with PID 13321 (/home/jortiz/it/code/javacode/github/java/service-users/service-user/target/classes started by jortiz in /home/jortiz/it/code/javacode/github/java/service-users/service-user)
2023-04-13T11:17:03.510-04:00  INFO 13321 --- [restartedMain] com.jesusmoh.Application                 : No active profile set, falling back to 1 default profile: "default"
2023-04-13T11:17:03.627-04:00  INFO 13321 --- [restartedMain] .s.d.r.c.RepositoryConfigurationDelegate : Bootstrapping Spring Data JPA repositories in DEFAULT mode.
2023-04-13T11:17:03.632-04:00  INFO 13321 --- [restartedMain] .s.d.r.c.RepositoryConfigurationDelegate : Finished Spring Data repository scanning in 4 ms. Found 1 JPA repository interfaces.
2023-04-13T11:17:03.678-04:00  INFO 13321 --- [restartedMain] o.s.b.w.embedded.tomcat.TomcatWebServer  : Tomcat initialized with port(s): 8080 (http)
2023-04-13T11:17:03.678-04:00  INFO 13321 --- [restartedMain] o.apache.catalina.core.StandardService   : Starting service [Tomcat]
2023-04-13T11:17:03.678-04:00  INFO 13321 --- [restartedMain] o.apache.catalina.core.StandardEngine    : Starting Servlet engine: [Apache Tomcat/10.1.7]
2023-04-13T11:17:03.682-04:00  INFO 13321 --- [restartedMain] o.a.c.c.C.[Tomcat].[localhost].[/]       : Initializing Spring embedded WebApplicationContext
2023-04-13T11:17:03.682-04:00  INFO 13321 --- [restartedMain] w.s.c.ServletWebServerApplicationContext : Root WebApplicationContext: initialization completed in 171 ms
2023-04-13T11:17:03.711-04:00  INFO 13321 --- [restartedMain] o.hibernate.jpa.internal.util.LogHelper  : HHH000204: Processing PersistenceUnitInfo [name: default]
2023-04-13T11:17:03.714-04:00  INFO 13321 --- [restartedMain] com.zaxxer.hikari.HikariDataSource       : HikariPool-2 - Starting...
2023-04-13T11:17:03.728-04:00  INFO 13321 --- [restartedMain] com.zaxxer.hikari.HikariDataSource       : HikariPool-2 - Start completed.
2023-04-13T11:17:03.743-04:00  INFO 13321 --- [restartedMain] SQL dialect                              : HHH000400: Using dialect: org.hibernate.dialect.MySQLDialect
2023-04-13T11:17:03.795-04:00  INFO 13321 --- [restartedMain] org.hibernate.orm.connections.access     : HHH10001501: Connection obtained from JdbcConnectionAccess [org.hibernate.engine.jdbc.env.internal.JdbcEnvironmentInitiator$ConnectionProviderJdbcConnectionAccess@7b7e82e2] for (non-JTA) DDL execution was not in auto-commit mode; the Connection 'local transaction' will be committed and the Connection will be set into auto-commit mode.
2023-04-13T11:17:03.849-04:00  INFO 13321 --- [restartedMain] o.h.e.t.j.p.i.JtaPlatformInitiator       : HHH000490: Using JtaPlatform implementation: [org.hibernate.engine.transaction.jta.platform.internal.NoJtaPlatform]
2023-04-13T11:17:03.849-04:00  INFO 13321 --- [restartedMain] j.LocalContainerEntityManagerFactoryBean : Initialized JPA EntityManagerFactory for persistence unit 'default'
2023-04-13T11:17:04.152-04:00  INFO 13321 --- [restartedMain] o.s.b.d.a.OptionalLiveReloadServer       : LiveReload server is running on port 35729
2023-04-13T11:17:04.154-04:00  INFO 13321 --- [restartedMain] o.s.b.a.e.web.EndpointLinksResolver      : Exposing 14 endpoint(s) beneath base path '/actuator'
2023-04-13T11:17:04.167-04:00  INFO 13321 --- [restartedMain] o.s.b.w.embedded.tomcat.TomcatWebServer  : Tomcat started on port(s): 8080 (http) with context path ''
2023-04-13T11:17:04.172-04:00  INFO 13321 --- [restartedMain] com.jesusmoh.Application                 : Started Application in 0.68 seconds (process running for 52.471)
2023-04-13T11:17:04.174-04:00  INFO 13321 --- [restartedMain] .ConditionEvaluationDeltaLoggingListener : Condition evaluation unchanged
2023-04-13T11:17:14.229-04:00  INFO 13321 --- [RMI TCP Connection(6)-127.0.0.1] inMXBeanRegistrar$SpringApplicationAdmin : Application shutdown requested.
2023-04-13T11:17:14.233-04:00  INFO 13321 --- [RMI TCP Connection(6)-127.0.0.1] o.apache.catalina.core.StandardService   : Stopping service [Tomcat]
2023-04-13T11:17:14.238-04:00  INFO 13321 --- [RMI TCP Connection(6)-127.0.0.1] j.LocalContainerEntityManagerFactoryBean : Closing JPA EntityManagerFactory for persistence unit 'default'
2023-04-13T11:17:14.238-04:00  INFO 13321 --- [RMI TCP Connection(6)-127.0.0.1] com.zaxxer.hikari.HikariDataSource       : HikariPool-2 - Shutdown initiated...
2023-04-13T11:17:14.240-04:00  INFO 13321 --- [RMI TCP Connection(6)-127.0.0.1] com.zaxxer.hikari.HikariDataSource       : HikariPool-2 - Shutdown completed.
