2024-05-11T13:41:59.985-04:00  INFO 3554575 --- [z-product-service] [restartedMain] io.github.jesusmoh.zproduct.App          : Starting App using Java 17.0.10 with PID 3554575 (/home/jortiz/IT/code/javacode/github/java/demos/zproject/z-product-service/target/classes started by jortiz in /home/jortiz/IT/code/javacode/github/java/demos/zproject/z-product-service)
2024-05-11T13:41:59.990-04:00  INFO 3554575 --- [z-product-service] [restartedMain] io.github.jesusmoh.zproduct.App          : The following 1 profile is active: "dev"
2024-05-11T13:42:00.022-04:00  INFO 3554575 --- [z-product-service] [restartedMain] .e.DevToolsPropertyDefaultsPostProcessor : Devtools property defaults active! Set 'spring.devtools.add-properties' to 'false' to disable
2024-05-11T13:42:00.022-04:00  INFO 3554575 --- [z-product-service] [restartedMain] .e.DevToolsPropertyDefaultsPostProcessor : For additional web related logging consider setting the 'logging.level.web' property to 'DEBUG'
2024-05-11T13:42:00.781-04:00  INFO 3554575 --- [z-product-service] [restartedMain] .s.d.r.c.RepositoryConfigurationDelegate : Bootstrapping Spring Data MongoDB repositories in DEFAULT mode.
2024-05-11T13:42:00.814-04:00  INFO 3554575 --- [z-product-service] [restartedMain] .s.d.r.c.RepositoryConfigurationDelegate : Finished Spring Data repository scanning in 29 ms. Found 1 MongoDB repository interface.
2024-05-11T13:42:01.204-04:00  INFO 3554575 --- [z-product-service] [restartedMain] o.s.b.w.embedded.tomcat.TomcatWebServer  : Tomcat initialized with port 8081 (http)
2024-05-11T13:42:01.215-04:00  INFO 3554575 --- [z-product-service] [restartedMain] o.apache.catalina.core.StandardService   : Starting service [Tomcat]
2024-05-11T13:42:01.216-04:00  INFO 3554575 --- [z-product-service] [restartedMain] o.apache.catalina.core.StandardEngine    : Starting Servlet engine: [Apache Tomcat/10.1.19]
2024-05-11T13:42:01.255-04:00  INFO 3554575 --- [z-product-service] [restartedMain] o.a.c.c.C.[Tomcat].[localhost].[/]       : Initializing Spring embedded WebApplicationContext
2024-05-11T13:42:01.255-04:00  INFO 3554575 --- [z-product-service] [restartedMain] w.s.c.ServletWebServerApplicationContext : Root WebApplicationContext: initialization completed in 1233 ms
2024-05-11T13:42:01.588-04:00  INFO 3554575 --- [z-product-service] [restartedMain] org.mongodb.driver.client                : MongoClient with metadata {"driver": {"name": "mongo-java-driver|sync|spring-boot", "version": "4.11.1"}, "os": {"type": "Linux", "name": "Linux", "architecture": "amd64", "version": "6.5.0-28-generic"}, "platform": "Java/Eclipse Adoptium/17.0.10+7"} created with settings MongoClientSettings{readPreference=primary, writeConcern=WriteConcern{w=null, wTimeout=null ms, journal=null}, retryWrites=true, retryReads=true, readConcern=ReadConcern{level=null}, credential=MongoCredential{mechanism=null, userName='admin', source='admin', password=<hidden>, mechanismProperties=<hidden>}, transportSettings=null, streamFactoryFactory=null, commandListeners=[io.micrometer.core.instrument.binder.mongodb.MongoMetricsCommandListener@198f0c36], codecRegistry=ProvidersCodecRegistry{codecProviders=[ValueCodecProvider{}, BsonValueCodecProvider{}, DBRefCodecProvider{}, DBObjectCodecProvider{}, DocumentCodecProvider{}, CollectionCodecProvider{}, IterableCodecProvider{}, MapCodecProvider{}, GeoJsonCodecProvider{}, GridFSFileCodecProvider{}, Jsr310CodecProvider{}, JsonObjectCodecProvider{}, BsonCodecProvider{}, EnumCodecProvider{}, com.mongodb.client.model.mql.ExpressionCodecProvider@650e79e6, com.mongodb.Jep395RecordCodecProvider@4a17122e, com.mongodb.KotlinCodecProvider@333d6cbc]}, loggerSettings=LoggerSettings{maxDocumentLength=1000}, clusterSettings={hosts=[lenovopc-local:27017], srvServiceName=mongodb, mode=SINGLE, requiredClusterType=UNKNOWN, requiredReplicaSetName='null', serverSelector='null', clusterListeners='[]', serverSelectionTimeout='30000 ms', localThreshold='15 ms'}, socketSettings=SocketSettings{connectTimeoutMS=10000, readTimeoutMS=0, receiveBufferSize=0, proxySettings=ProxySettings{host=null, port=null, username=null, password=null}}, heartbeatSocketSettings=SocketSettings{connectTimeoutMS=10000, readTimeoutMS=10000, receiveBufferSize=0, proxySettings=ProxySettings{host=null, port=null, username=null, password=null}}, connectionPoolSettings=ConnectionPoolSettings{maxSize=100, minSize=0, maxWaitTimeMS=120000, maxConnectionLifeTimeMS=0, maxConnectionIdleTimeMS=0, maintenanceInitialDelayMS=0, maintenanceFrequencyMS=60000, connectionPoolListeners=[io.micrometer.core.instrument.binder.mongodb.MongoMetricsConnectionPoolListener@52322851], maxConnecting=2}, serverSettings=ServerSettings{heartbeatFrequencyMS=10000, minHeartbeatFrequencyMS=500, serverListeners='[]', serverMonitorListeners='[]'}, sslSettings=SslSettings{enabled=false, invalidHostNameAllowed=false, context=null}, applicationName='null', compressorList=[], uuidRepresentation=JAVA_LEGACY, serverApi=null, autoEncryptionSettings=null, dnsClient=null, inetAddressResolver=null, contextProvider=null}
2024-05-11T13:42:01.586-04:00  INFO 3554575 --- [z-product-service] [cluster-ClusterId{value='663fade9e6140a2364f1d320', description='null'}-lenovopc-local:27017] org.mongodb.driver.cluster               : Exception in monitor thread while connecting to server lenovopc-local:27017

com.mongodb.MongoSocketOpenException: Exception opening socket
	at com.mongodb.internal.connection.SocketStream.lambda$open$0(SocketStream.java:84) ~[mongodb-driver-core-4.11.1.jar:na]
	at java.base/java.util.Optional.orElseThrow(Unknown Source) ~[na:na]
	at com.mongodb.internal.connection.SocketStream.open(SocketStream.java:84) ~[mongodb-driver-core-4.11.1.jar:na]
	at com.mongodb.internal.connection.InternalStreamConnection.open(InternalStreamConnection.java:211) ~[mongodb-driver-core-4.11.1.jar:na]
	at com.mongodb.internal.connection.DefaultServerMonitor$ServerMonitorRunnable.lookupServerDescription(DefaultServerMonitor.java:196) ~[mongodb-driver-core-4.11.1.jar:na]
	at com.mongodb.internal.connection.DefaultServerMonitor$ServerMonitorRunnable.run(DefaultServerMonitor.java:156) ~[mongodb-driver-core-4.11.1.jar:na]
	at java.base/java.lang.Thread.run(Unknown Source) ~[na:na]
Caused by: java.net.ConnectException: Connection refused
	at java.base/sun.nio.ch.Net.pollConnect(Native Method) ~[na:na]
	at java.base/sun.nio.ch.Net.pollConnectNow(Unknown Source) ~[na:na]
	at java.base/sun.nio.ch.NioSocketImpl.timedFinishConnect(Unknown Source) ~[na:na]
	at java.base/sun.nio.ch.NioSocketImpl.connect(Unknown Source) ~[na:na]
	at java.base/java.net.SocksSocketImpl.connect(Unknown Source) ~[na:na]
	at java.base/java.net.Socket.connect(Unknown Source) ~[na:na]
	at com.mongodb.internal.connection.SocketStreamHelper.initialize(SocketStreamHelper.java:76) ~[mongodb-driver-core-4.11.1.jar:na]
	at com.mongodb.internal.connection.SocketStream.initializeSocket(SocketStream.java:104) ~[mongodb-driver-core-4.11.1.jar:na]
	at com.mongodb.internal.connection.SocketStream.open(SocketStream.java:78) ~[mongodb-driver-core-4.11.1.jar:na]
	... 4 common frames omitted

2024-05-11T13:42:01.762-04:00  INFO 3554575 --- [z-product-service] [restartedMain] o.s.b.d.a.OptionalLiveReloadServer       : LiveReload server is running on port 35729
2024-05-11T13:42:02.158-04:00  INFO 3554575 --- [z-product-service] [restartedMain] o.s.b.w.embedded.tomcat.TomcatWebServer  : Tomcat started on port 8081 (http) with context path ''
2024-05-11T13:42:02.305-04:00  INFO 3554575 --- [z-product-service] [restartedMain] o.s.b.a.e.web.EndpointLinksResolver      : Exposing 1 endpoint(s) beneath base path '/actuator'
2024-05-11T13:42:02.311-04:00  INFO 3554575 --- [z-product-service] [restartedMain] io.github.jesusmoh.zproduct.App          : Started App in 2.574 seconds (process running for 2.943)
2024-05-11T13:46:00.211-04:00  INFO 3559643 --- [z-product-service] [restartedMain] io.github.jesusmoh.zproduct.App          : Starting App using Java 17.0.10 with PID 3559643 (/home/jortiz/IT/code/javacode/github/java/demos/zproject/z-product-service/target/classes started by jortiz in /home/jortiz/IT/code/javacode/github/java/demos/zproject/z-product-service)
2024-05-11T13:46:00.214-04:00  INFO 3559643 --- [z-product-service] [restartedMain] io.github.jesusmoh.zproduct.App          : The following 1 profile is active: "dev"
2024-05-11T13:46:00.244-04:00  INFO 3559643 --- [z-product-service] [restartedMain] .e.DevToolsPropertyDefaultsPostProcessor : Devtools property defaults active! Set 'spring.devtools.add-properties' to 'false' to disable
2024-05-11T13:46:00.244-04:00  INFO 3559643 --- [z-product-service] [restartedMain] .e.DevToolsPropertyDefaultsPostProcessor : For additional web related logging consider setting the 'logging.level.web' property to 'DEBUG'
2024-05-11T13:46:00.959-04:00  INFO 3559643 --- [z-product-service] [restartedMain] .s.d.r.c.RepositoryConfigurationDelegate : Bootstrapping Spring Data MongoDB repositories in DEFAULT mode.
2024-05-11T13:46:01.015-04:00  INFO 3559643 --- [z-product-service] [restartedMain] .s.d.r.c.RepositoryConfigurationDelegate : Finished Spring Data repository scanning in 50 ms. Found 1 MongoDB repository interface.
2024-05-11T13:46:01.361-04:00  INFO 3559643 --- [z-product-service] [restartedMain] o.s.b.w.embedded.tomcat.TomcatWebServer  : Tomcat initialized with port 8081 (http)
2024-05-11T13:46:01.370-04:00  INFO 3559643 --- [z-product-service] [restartedMain] o.apache.catalina.core.StandardService   : Starting service [Tomcat]
2024-05-11T13:46:01.370-04:00  INFO 3559643 --- [z-product-service] [restartedMain] o.apache.catalina.core.StandardEngine    : Starting Servlet engine: [Apache Tomcat/10.1.19]
2024-05-11T13:46:01.397-04:00  INFO 3559643 --- [z-product-service] [restartedMain] o.a.c.c.C.[Tomcat].[localhost].[/]       : Initializing Spring embedded WebApplicationContext
2024-05-11T13:46:01.398-04:00  INFO 3559643 --- [z-product-service] [restartedMain] w.s.c.ServletWebServerApplicationContext : Root WebApplicationContext: initialization completed in 1153 ms
2024-05-11T13:46:01.616-04:00  INFO 3559643 --- [z-product-service] [restartedMain] org.mongodb.driver.client                : MongoClient with metadata {"driver": {"name": "mongo-java-driver|sync|spring-boot", "version": "4.11.1"}, "os": {"type": "Linux", "name": "Linux", "architecture": "amd64", "version": "6.5.0-28-generic"}, "platform": "Java/Eclipse Adoptium/17.0.10+7"} created with settings MongoClientSettings{readPreference=primary, writeConcern=WriteConcern{w=null, wTimeout=null ms, journal=null}, retryWrites=true, retryReads=true, readConcern=ReadConcern{level=null}, credential=MongoCredential{mechanism=null, userName='admin', source='admin', password=<hidden>, mechanismProperties=<hidden>}, transportSettings=null, streamFactoryFactory=null, commandListeners=[io.micrometer.core.instrument.binder.mongodb.MongoMetricsCommandListener@511bd345], codecRegistry=ProvidersCodecRegistry{codecProviders=[ValueCodecProvider{}, BsonValueCodecProvider{}, DBRefCodecProvider{}, DBObjectCodecProvider{}, DocumentCodecProvider{}, CollectionCodecProvider{}, IterableCodecProvider{}, MapCodecProvider{}, GeoJsonCodecProvider{}, GridFSFileCodecProvider{}, Jsr310CodecProvider{}, JsonObjectCodecProvider{}, BsonCodecProvider{}, EnumCodecProvider{}, com.mongodb.client.model.mql.ExpressionCodecProvider@1d5dee30, com.mongodb.Jep395RecordCodecProvider@25a478a6, com.mongodb.KotlinCodecProvider@5a49f3a2]}, loggerSettings=LoggerSettings{maxDocumentLength=1000}, clusterSettings={hosts=[lenovopc-local:27017], srvServiceName=mongodb, mode=SINGLE, requiredClusterType=UNKNOWN, requiredReplicaSetName='null', serverSelector='null', clusterListeners='[]', serverSelectionTimeout='30000 ms', localThreshold='15 ms'}, socketSettings=SocketSettings{connectTimeoutMS=10000, readTimeoutMS=0, receiveBufferSize=0, proxySettings=ProxySettings{host=null, port=null, username=null, password=null}}, heartbeatSocketSettings=SocketSettings{connectTimeoutMS=10000, readTimeoutMS=10000, receiveBufferSize=0, proxySettings=ProxySettings{host=null, port=null, username=null, password=null}}, connectionPoolSettings=ConnectionPoolSettings{maxSize=100, minSize=0, maxWaitTimeMS=120000, maxConnectionLifeTimeMS=0, maxConnectionIdleTimeMS=0, maintenanceInitialDelayMS=0, maintenanceFrequencyMS=60000, connectionPoolListeners=[io.micrometer.core.instrument.binder.mongodb.MongoMetricsConnectionPoolListener@55c78255], maxConnecting=2}, serverSettings=ServerSettings{heartbeatFrequencyMS=10000, minHeartbeatFrequencyMS=500, serverListeners='[]', serverMonitorListeners='[]'}, sslSettings=SslSettings{enabled=false, invalidHostNameAllowed=false, context=null}, applicationName='null', compressorList=[], uuidRepresentation=JAVA_LEGACY, serverApi=null, autoEncryptionSettings=null, dnsClient=null, inetAddressResolver=null, contextProvider=null}
2024-05-11T13:46:01.631-04:00  INFO 3559643 --- [z-product-service] [cluster-ClusterId{value='663faed97322b556f630fd46', description='null'}-lenovopc-local:27017] org.mongodb.driver.cluster               : Monitor thread successfully connected to server with description ServerDescription{address=lenovopc-local:27017, type=STANDALONE, state=CONNECTED, ok=true, minWireVersion=0, maxWireVersion=9, maxDocumentSize=16777216, logicalSessionTimeoutMinutes=30, roundTripTimeNanos=15063600}
2024-05-11T13:46:01.727-04:00  INFO 3559643 --- [z-product-service] [restartedMain] o.s.b.d.a.OptionalLiveReloadServer       : LiveReload server is running on port 35729
2024-05-11T13:46:02.009-04:00  INFO 3559643 --- [z-product-service] [restartedMain] o.s.b.w.embedded.tomcat.TomcatWebServer  : Tomcat started on port 8081 (http) with context path ''
2024-05-11T13:46:02.168-04:00  INFO 3559643 --- [z-product-service] [restartedMain] o.s.b.a.e.web.EndpointLinksResolver      : Exposing 1 endpoint(s) beneath base path '/actuator'
2024-05-11T13:46:02.175-04:00  INFO 3559643 --- [z-product-service] [restartedMain] io.github.jesusmoh.zproduct.App          : Started App in 2.281 seconds (process running for 2.71)
2024-05-11T13:46:03.233-04:00  INFO 3559643 --- [z-product-service] [RMI TCP Connection(2)-127.0.0.1] o.a.c.c.C.[Tomcat].[localhost].[/]       : Initializing Spring DispatcherServlet 'dispatcherServlet'
2024-05-11T13:46:03.233-04:00  INFO 3559643 --- [z-product-service] [RMI TCP Connection(2)-127.0.0.1] o.s.web.servlet.DispatcherServlet        : Initializing Servlet 'dispatcherServlet'
2024-05-11T13:46:03.312-04:00  INFO 3559643 --- [z-product-service] [RMI TCP Connection(2)-127.0.0.1] o.s.web.servlet.DispatcherServlet        : Completed initialization in 79 ms
